None
host: gl-login1.arc-ts.umich.edu
Building DAG of jobs...
Using shell: /usr/bin/bash
Provided remote nodes: 50
Job stats:
job                                         count
----------------------------------------  -------
all                                             1
create_qc_filtered_seurat_rds_10496_MW_1        1
create_qc_filtered_seurat_rds_10496_MW_2        1
create_qc_filtered_seurat_rds_10496_MW_3        1
create_qc_filtered_seurat_rds_10496_MW_4        1
create_qc_filtered_seurat_rds_10496_MW_5        1
create_qc_filtered_seurat_rds_10496_MW_6        1
make_seurat_rds_10496_MW_1                      1
make_seurat_rds_10496_MW_2                      1
make_seurat_rds_10496_MW_3                      1
make_seurat_rds_10496_MW_4                      1
make_seurat_rds_10496_MW_5                      1
make_seurat_rds_10496_MW_6                      1
total                                          13

Select jobs to execute...
Execute 6 jobs...
[Fri Jun 13 12:26:00 2025]
rule make_seurat_rds_10496_MW_3:
    input: /nfs/turbo/umms-parent/Manny_test/10496-MW-reanalysis/outs/per_sample_outs/10496-MW-3/count/sample_filtered_feature_bc_matrix, init.done
    output: /nfs/turbo/umms-parent/MindscapeProjects/10496-MW-per-sample-rds/seurat_rds/10496-MW-3.rds
    jobid: 4
    reason: Code has changed since last execution
    resources: tmpdir=<TBD>, time=6:00:00, mem_mb=1500000, mem_mib=1430512, cpus=16

Submitted job 4 with external jobid 'Submitted batch job 26856331'.
[Fri Jun 13 12:26:02 2025]
rule make_seurat_rds_10496_MW_5:
    input: /nfs/turbo/umms-parent/Manny_test/10496-MW-reanalysis/outs/per_sample_outs/10496-MW-5/count/sample_filtered_feature_bc_matrix, init.done
    output: /nfs/turbo/umms-parent/MindscapeProjects/10496-MW-per-sample-rds/seurat_rds/10496-MW-5.rds
    jobid: 6
    reason: Code has changed since last execution
    resources: tmpdir=<TBD>, time=6:00:00, mem_mb=1500000, mem_mib=1430512, cpus=16

Submitted job 6 with external jobid 'Submitted batch job 26856332'.
[Fri Jun 13 12:26:02 2025]
rule make_seurat_rds_10496_MW_6:
    input: /nfs/turbo/umms-parent/Manny_test/10496-MW-reanalysis/outs/per_sample_outs/10496-MW-6/count/sample_filtered_feature_bc_matrix, init.done
    output: /nfs/turbo/umms-parent/MindscapeProjects/10496-MW-per-sample-rds/seurat_rds/10496-MW-6.rds
    jobid: 7
    reason: Missing output files: /nfs/turbo/umms-parent/MindscapeProjects/10496-MW-per-sample-rds/seurat_rds/10496-MW-6.rds
    resources: tmpdir=<TBD>, time=6:00:00, mem_mb=1500000, mem_mib=1430512, cpus=16

Submitted job 7 with external jobid 'Submitted batch job 26856333'.
[Fri Jun 13 12:26:02 2025]
rule make_seurat_rds_10496_MW_2:
    input: /nfs/turbo/umms-parent/Manny_test/10496-MW-reanalysis/outs/per_sample_outs/10496-MW-2/count/sample_filtered_feature_bc_matrix, init.done
    output: /nfs/turbo/umms-parent/MindscapeProjects/10496-MW-per-sample-rds/seurat_rds/10496-MW-2.rds
    jobid: 3
    reason: Missing output files: /nfs/turbo/umms-parent/MindscapeProjects/10496-MW-per-sample-rds/seurat_rds/10496-MW-2.rds
    resources: tmpdir=<TBD>, time=6:00:00, mem_mb=1500000, mem_mib=1430512, cpus=16

Submitted job 3 with external jobid 'Submitted batch job 26856334'.
[Fri Jun 13 12:26:02 2025]
rule make_seurat_rds_10496_MW_4:
    input: /nfs/turbo/umms-parent/Manny_test/10496-MW-reanalysis/outs/per_sample_outs/10496-MW-4/count/sample_filtered_feature_bc_matrix, init.done
    output: /nfs/turbo/umms-parent/MindscapeProjects/10496-MW-per-sample-rds/seurat_rds/10496-MW-4.rds
    jobid: 5
    reason: Missing output files: /nfs/turbo/umms-parent/MindscapeProjects/10496-MW-per-sample-rds/seurat_rds/10496-MW-4.rds
    resources: tmpdir=<TBD>, time=6:00:00, mem_mb=1500000, mem_mib=1430512, cpus=16

Submitted job 5 with external jobid 'Submitted batch job 26856335'.
[Fri Jun 13 12:26:02 2025]
rule make_seurat_rds_10496_MW_1:
    input: /nfs/turbo/umms-parent/Manny_test/10496-MW-reanalysis/outs/per_sample_outs/10496-MW-1/count/sample_filtered_feature_bc_matrix, init.done
    output: /nfs/turbo/umms-parent/MindscapeProjects/10496-MW-per-sample-rds/seurat_rds/10496-MW-1.rds
    jobid: 1
    reason: Code has changed since last execution
    resources: tmpdir=<TBD>, time=6:00:00, mem_mb=1500000, mem_mib=1430512, cpus=16

Submitted job 1 with external jobid 'Submitted batch job 26856336'.
