Assuming unrestricted shared filesystem usage.
None
host: gl0004.arc-ts.umich.edu
Building DAG of jobs...
Full Traceback (most recent call last):
  File "/home/elcrespo/miniconda3/envs/mindscape-env/lib/python3.11/site-packages/snakemake/cli.py", line 2173, in args_to_api
    dag_api.execute_workflow(
  File "/home/elcrespo/miniconda3/envs/mindscape-env/lib/python3.11/site-packages/snakemake/api.py", line 603, in execute_workflow
    workflow.execute(
  File "/home/elcrespo/miniconda3/envs/mindscape-env/lib/python3.11/site-packages/snakemake/workflow.py", line 1227, in execute
    with self.persistence.lock():
  File "/home/elcrespo/miniconda3/envs/mindscape-env/lib/python3.11/contextlib.py", line 137, in __enter__
    return next(self.gen)
           ^^^^^^^^^^^^^^
  File "/home/elcrespo/miniconda3/envs/mindscape-env/lib/python3.11/site-packages/snakemake/persistence.py", line 211, in lock
    raise snakemake.exceptions.LockException()
snakemake.exceptions.LockException: Error: Directory cannot be locked. Please make sure that no other Snakemake process is trying to create the same files in the following directory:
/home/elcrespo/Desktop/githubprojects/MindScape/mindscape_snakemake
If you are sure that no other instances of snakemake are running on this directory, the remaining lock was likely caused by a kill signal or a power loss. It can be removed with the --unlock argument.

LockException:
Error: Directory cannot be locked. Please make sure that no other Snakemake process is trying to create the same files in the following directory:
/home/elcrespo/Desktop/githubprojects/MindScape/mindscape_snakemake
If you are sure that no other instances of snakemake are running on this directory, the remaining lock was likely caused by a kill signal or a power loss. It can be removed with the --unlock argument.
