None
host: gl-login2.arc-ts.umich.edu
Building DAG of jobs...
Using shell: /usr/bin/bash
Provided remote nodes: 50
Job stats:
job                           count
--------------------------  -------
all                               1
make_seurat_rds_10496_MW_1        1
make_seurat_rds_10496_MW_2        1
make_seurat_rds_10496_MW_3        1
make_seurat_rds_10496_MW_4        1
make_seurat_rds_10496_MW_5        1
make_seurat_rds_10496_MW_6        1
total                             7

Select jobs to execute...
Execute 6 jobs...
[Sun Jun  8 13:22:21 2025]
rule make_seurat_rds_10496_MW_5:
    input: /nfs/turbo/umms-parent/Manny_test/10496-MW-reanalysis/outs/per_sample_outs/10496-MW-5/count/sample_filtered_feature_bc_matrix, init.done
    output: /nfs/turbo/umms-parent/MindscapeProjects/10496-MW-per-sample-rds/seurat_rds/10496-MW-5.rds
    jobid: 6
    reason: Missing output files: /nfs/turbo/umms-parent/MindscapeProjects/10496-MW-per-sample-rds/seurat_rds/10496-MW-5.rds
    resources: tmpdir=<TBD>, time=12:00:00, mem_mb=64000, mem_mib=61036, cpus=16

WorkflowError:
Error formatting custom jobscript #!/bin/bash
#SBATCH --job-name={rule}_{wildcards}
#SBATCH --account=parent0
#SBATCH --output=/nfs/turbo/umms-parent/MindscapeProjects/logs/{rule}_{wildcards}_%j.out
#SBATCH --error=/nfs/turbo/umms-parent/MindscapeProjects/logs/{rule}_{wildcards}_%j.err
#SBATCH --time={resources.time}
#SBATCH --mem={resources.mem_mb}
#SBATCH --cpus-per-task={resources.cpus}
#SBATCH --mail-type=FAIL
#SBATCH --mail-user=elcrespo@umich.edu

set -euo pipefail
echo "🚀 Starting rule: {rule} | Wildcards: {wildcards} | Host: $HOSTNAME"
{exec_job}: value for 'rule' not found.
Make sure that your custom jobscript is defined as expected.
