Assuming unrestricted shared filesystem usage.
None
host: gl-login1.arc-ts.umich.edu
Building DAG of jobs...
Using shell: /usr/bin/bash
Provided cores: 500
Rules claiming more threads will be scaled down.
Job stats:
job                                         count
----------------------------------------  -------
all                                             1
create_qc_filtered_seurat_rds_10496_MW_1        1
create_qc_filtered_seurat_rds_10496_MW_2        1
create_qc_filtered_seurat_rds_10496_MW_3        1
create_qc_filtered_seurat_rds_10496_MW_4        1
create_qc_filtered_seurat_rds_10496_MW_5        1
create_qc_filtered_seurat_rds_10496_MW_6        1
make_seurat_rds_10496_MW_2                      1
make_seurat_rds_10496_MW_4                      1
make_seurat_rds_10496_MW_6                      1
total                                          10

Select jobs to execute...
Execute 6 jobs...
[Fri Jun 13 13:35:08 2025]
localrule create_qc_filtered_seurat_rds_10496_MW_5:
    input: /nfs/turbo/umms-parent/MindscapeProjects/10496-MW-per-sample-rds/seurat_rds/10496-MW-5.rds
    output: /nfs/turbo/umms-parent/MindscapeProjects/10496-MW-per-sample-rds/qc_filtered/10496-MW-5_qc_filtered.rds, /nfs/turbo/umms-parent/MindscapeProjects/10496-MW-per-sample-rds/RidgePlots_QC_nFeature_nCounts_percent_Mito_sample/10496-MW-5_QC_ridgeplot.png
    jobid: 12
    reason: Missing output files: /nfs/turbo/umms-parent/MindscapeProjects/10496-MW-per-sample-rds/qc_filtered/10496-MW-5_qc_filtered.rds, /nfs/turbo/umms-parent/MindscapeProjects/10496-MW-per-sample-rds/RidgePlots_QC_nFeature_nCounts_percent_Mito_sample/10496-MW-5_QC_ridgeplot.png
    resources: mem_mb=1500000, mem_mib=1430512, disk_mb=1000, disk_mib=954, tmpdir=/tmp, cpus=16, time=1:00:00
Shell command: None
[Fri Jun 13 13:35:10 2025]
localrule make_seurat_rds_10496_MW_6:
    input: /nfs/turbo/umms-parent/Manny_test/10496-MW-reanalysis/outs/per_sample_outs/10496-MW-6/count/sample_filtered_feature_bc_matrix, init.done
    output: /nfs/turbo/umms-parent/MindscapeProjects/10496-MW-per-sample-rds/seurat_rds/10496-MW-6.rds
    jobid: 7
    reason: Missing output files: /nfs/turbo/umms-parent/MindscapeProjects/10496-MW-per-sample-rds/seurat_rds/10496-MW-6.rds
    resources: mem_mb=1500000, mem_mib=1430512, disk_mb=1000, disk_mib=954, tmpdir=/tmp, cpus=16, time=6:00:00
Shell command: None
RuleException:
WorkflowError in file "/home/elcrespo/Desktop/githubprojects/MindScape/mindscape_snakemake/workflow/rules/create_qc_filtered_seurat_rds.smk", line 33:
Failed to open source file /home/elcrespo/Desktop/githubprojects/MindScape/mindscape_snakemake/workflow/rules/../scripts/create_qc_filtered_seurat_rds.R
FileNotFoundError: [Errno 2] No such file or directory: '/home/elcrespo/Desktop/githubprojects/MindScape/mindscape_snakemake/workflow/rules/../scripts/create_qc_filtered_seurat_rds.R'
[Fri Jun 13 13:35:10 2025]
Error in rule create_qc_filtered_seurat_rds_10496_MW_5:
    message: None
    jobid: 12
    input: /nfs/turbo/umms-parent/MindscapeProjects/10496-MW-per-sample-rds/seurat_rds/10496-MW-5.rds
    output: /nfs/turbo/umms-parent/MindscapeProjects/10496-MW-per-sample-rds/qc_filtered/10496-MW-5_qc_filtered.rds, /nfs/turbo/umms-parent/MindscapeProjects/10496-MW-per-sample-rds/RidgePlots_QC_nFeature_nCounts_percent_Mito_sample/10496-MW-5_QC_ridgeplot.png
[Fri Jun 13 13:35:10 2025]
localrule create_qc_filtered_seurat_rds_10496_MW_1:
    input: /nfs/turbo/umms-parent/MindscapeProjects/10496-MW-per-sample-rds/seurat_rds/10496-MW-1.rds
    output: /nfs/turbo/umms-parent/MindscapeProjects/10496-MW-per-sample-rds/qc_filtered/10496-MW-1_qc_filtered.rds, /nfs/turbo/umms-parent/MindscapeProjects/10496-MW-per-sample-rds/RidgePlots_QC_nFeature_nCounts_percent_Mito_sample/10496-MW-1_QC_ridgeplot.png
    jobid: 8
    reason: Missing output files: /nfs/turbo/umms-parent/MindscapeProjects/10496-MW-per-sample-rds/qc_filtered/10496-MW-1_qc_filtered.rds, /nfs/turbo/umms-parent/MindscapeProjects/10496-MW-per-sample-rds/RidgePlots_QC_nFeature_nCounts_percent_Mito_sample/10496-MW-1_QC_ridgeplot.png
    resources: mem_mb=1500000, mem_mib=1430512, disk_mb=1000, disk_mib=954, tmpdir=/tmp, cpus=16, time=1:00:00
Shell command: None
RuleException:
WorkflowError in file "/home/elcrespo/Desktop/githubprojects/MindScape/mindscape_snakemake/workflow/rules/create_qc_filtered_seurat_rds.smk", line 33:
Failed to open source file /home/elcrespo/Desktop/githubprojects/MindScape/mindscape_snakemake/workflow/rules/../scripts/create_qc_filtered_seurat_rds.R
FileNotFoundError: [Errno 2] No such file or directory: '/home/elcrespo/Desktop/githubprojects/MindScape/mindscape_snakemake/workflow/rules/../scripts/create_qc_filtered_seurat_rds.R'
[Fri Jun 13 13:35:10 2025]
Error in rule create_qc_filtered_seurat_rds_10496_MW_1:
    message: None
    jobid: 8
    input: /nfs/turbo/umms-parent/MindscapeProjects/10496-MW-per-sample-rds/seurat_rds/10496-MW-1.rds
    output: /nfs/turbo/umms-parent/MindscapeProjects/10496-MW-per-sample-rds/qc_filtered/10496-MW-1_qc_filtered.rds, /nfs/turbo/umms-parent/MindscapeProjects/10496-MW-per-sample-rds/RidgePlots_QC_nFeature_nCounts_percent_Mito_sample/10496-MW-1_QC_ridgeplot.png
[Fri Jun 13 13:35:10 2025]
localrule make_seurat_rds_10496_MW_2:
    input: /nfs/turbo/umms-parent/Manny_test/10496-MW-reanalysis/outs/per_sample_outs/10496-MW-2/count/sample_filtered_feature_bc_matrix, init.done
    output: /nfs/turbo/umms-parent/MindscapeProjects/10496-MW-per-sample-rds/seurat_rds/10496-MW-2.rds
    jobid: 3
    reason: Missing output files: /nfs/turbo/umms-parent/MindscapeProjects/10496-MW-per-sample-rds/seurat_rds/10496-MW-2.rds
    resources: mem_mb=1500000, mem_mib=1430512, disk_mb=1000, disk_mib=954, tmpdir=/tmp, cpus=16, time=6:00:00
Shell command: None
[Fri Jun 13 13:35:10 2025]
localrule create_qc_filtered_seurat_rds_10496_MW_3:
    input: /nfs/turbo/umms-parent/MindscapeProjects/10496-MW-per-sample-rds/seurat_rds/10496-MW-3.rds
    output: /nfs/turbo/umms-parent/MindscapeProjects/10496-MW-per-sample-rds/qc_filtered/10496-MW-3_qc_filtered.rds, /nfs/turbo/umms-parent/MindscapeProjects/10496-MW-per-sample-rds/RidgePlots_QC_nFeature_nCounts_percent_Mito_sample/10496-MW-3_QC_ridgeplot.png
    jobid: 10
    reason: Missing output files: /nfs/turbo/umms-parent/MindscapeProjects/10496-MW-per-sample-rds/qc_filtered/10496-MW-3_qc_filtered.rds, /nfs/turbo/umms-parent/MindscapeProjects/10496-MW-per-sample-rds/RidgePlots_QC_nFeature_nCounts_percent_Mito_sample/10496-MW-3_QC_ridgeplot.png
    resources: mem_mb=1500000, mem_mib=1430512, disk_mb=1000, disk_mib=954, tmpdir=/tmp, cpus=16, time=1:00:00
Shell command: None
RuleException:
WorkflowError in file "/home/elcrespo/Desktop/githubprojects/MindScape/mindscape_snakemake/workflow/rules/create_qc_filtered_seurat_rds.smk", line 33:
Failed to open source file /home/elcrespo/Desktop/githubprojects/MindScape/mindscape_snakemake/workflow/rules/../scripts/create_qc_filtered_seurat_rds.R
FileNotFoundError: [Errno 2] No such file or directory: '/home/elcrespo/Desktop/githubprojects/MindScape/mindscape_snakemake/workflow/rules/../scripts/create_qc_filtered_seurat_rds.R'
[Fri Jun 13 13:35:10 2025]
Error in rule create_qc_filtered_seurat_rds_10496_MW_3:
    message: None
    jobid: 10
    input: /nfs/turbo/umms-parent/MindscapeProjects/10496-MW-per-sample-rds/seurat_rds/10496-MW-3.rds
    output: /nfs/turbo/umms-parent/MindscapeProjects/10496-MW-per-sample-rds/qc_filtered/10496-MW-3_qc_filtered.rds, /nfs/turbo/umms-parent/MindscapeProjects/10496-MW-per-sample-rds/RidgePlots_QC_nFeature_nCounts_percent_Mito_sample/10496-MW-3_QC_ridgeplot.png
[Fri Jun 13 13:35:10 2025]
localrule make_seurat_rds_10496_MW_4:
    input: /nfs/turbo/umms-parent/Manny_test/10496-MW-reanalysis/outs/per_sample_outs/10496-MW-4/count/sample_filtered_feature_bc_matrix, init.done
    output: /nfs/turbo/umms-parent/MindscapeProjects/10496-MW-per-sample-rds/seurat_rds/10496-MW-4.rds
    jobid: 5
    reason: Missing output files: /nfs/turbo/umms-parent/MindscapeProjects/10496-MW-per-sample-rds/seurat_rds/10496-MW-4.rds
    resources: mem_mb=1500000, mem_mib=1430512, disk_mb=1000, disk_mib=954, tmpdir=/tmp, cpus=16, time=6:00:00
Shell command: None
Trying to restart job 12.
Trying to restart job 8.
Trying to restart job 10.
Select jobs to execute...
Execute 3 jobs...
[Fri Jun 13 13:35:11 2025]
localrule create_qc_filtered_seurat_rds_10496_MW_1:
    input: /nfs/turbo/umms-parent/MindscapeProjects/10496-MW-per-sample-rds/seurat_rds/10496-MW-1.rds
    output: /nfs/turbo/umms-parent/MindscapeProjects/10496-MW-per-sample-rds/qc_filtered/10496-MW-1_qc_filtered.rds, /nfs/turbo/umms-parent/MindscapeProjects/10496-MW-per-sample-rds/RidgePlots_QC_nFeature_nCounts_percent_Mito_sample/10496-MW-1_QC_ridgeplot.png
    jobid: 8
    reason: Missing output files: /nfs/turbo/umms-parent/MindscapeProjects/10496-MW-per-sample-rds/qc_filtered/10496-MW-1_qc_filtered.rds, /nfs/turbo/umms-parent/MindscapeProjects/10496-MW-per-sample-rds/RidgePlots_QC_nFeature_nCounts_percent_Mito_sample/10496-MW-1_QC_ridgeplot.png
    resources: mem_mb=1500000, mem_mib=1430512, disk_mb=1000, disk_mib=954, tmpdir=/tmp, cpus=16, time=1:00:00
Shell command: None
RuleException:
WorkflowError in file "/home/elcrespo/Desktop/githubprojects/MindScape/mindscape_snakemake/workflow/rules/create_qc_filtered_seurat_rds.smk", line 33:
Failed to open source file /home/elcrespo/Desktop/githubprojects/MindScape/mindscape_snakemake/workflow/rules/../scripts/create_qc_filtered_seurat_rds.R
FileNotFoundError: [Errno 2] No such file or directory: '/home/elcrespo/Desktop/githubprojects/MindScape/mindscape_snakemake/workflow/rules/../scripts/create_qc_filtered_seurat_rds.R'
[Fri Jun 13 13:35:11 2025]
Error in rule create_qc_filtered_seurat_rds_10496_MW_1:
    message: None
    jobid: 8
    input: /nfs/turbo/umms-parent/MindscapeProjects/10496-MW-per-sample-rds/seurat_rds/10496-MW-1.rds
    output: /nfs/turbo/umms-parent/MindscapeProjects/10496-MW-per-sample-rds/qc_filtered/10496-MW-1_qc_filtered.rds, /nfs/turbo/umms-parent/MindscapeProjects/10496-MW-per-sample-rds/RidgePlots_QC_nFeature_nCounts_percent_Mito_sample/10496-MW-1_QC_ridgeplot.png
[Fri Jun 13 13:35:11 2025]
localrule create_qc_filtered_seurat_rds_10496_MW_5:
    input: /nfs/turbo/umms-parent/MindscapeProjects/10496-MW-per-sample-rds/seurat_rds/10496-MW-5.rds
    output: /nfs/turbo/umms-parent/MindscapeProjects/10496-MW-per-sample-rds/qc_filtered/10496-MW-5_qc_filtered.rds, /nfs/turbo/umms-parent/MindscapeProjects/10496-MW-per-sample-rds/RidgePlots_QC_nFeature_nCounts_percent_Mito_sample/10496-MW-5_QC_ridgeplot.png
    jobid: 12
    reason: Missing output files: /nfs/turbo/umms-parent/MindscapeProjects/10496-MW-per-sample-rds/qc_filtered/10496-MW-5_qc_filtered.rds, /nfs/turbo/umms-parent/MindscapeProjects/10496-MW-per-sample-rds/RidgePlots_QC_nFeature_nCounts_percent_Mito_sample/10496-MW-5_QC_ridgeplot.png
    resources: mem_mb=1500000, mem_mib=1430512, disk_mb=1000, disk_mib=954, tmpdir=/tmp, cpus=16, time=1:00:00
Shell command: None
RuleException:
WorkflowError in file "/home/elcrespo/Desktop/githubprojects/MindScape/mindscape_snakemake/workflow/rules/create_qc_filtered_seurat_rds.smk", line 33:
Failed to open source file /home/elcrespo/Desktop/githubprojects/MindScape/mindscape_snakemake/workflow/rules/../scripts/create_qc_filtered_seurat_rds.R
FileNotFoundError: [Errno 2] No such file or directory: '/home/elcrespo/Desktop/githubprojects/MindScape/mindscape_snakemake/workflow/rules/../scripts/create_qc_filtered_seurat_rds.R'
[Fri Jun 13 13:35:11 2025]
Error in rule create_qc_filtered_seurat_rds_10496_MW_5:
    message: None
    jobid: 12
    input: /nfs/turbo/umms-parent/MindscapeProjects/10496-MW-per-sample-rds/seurat_rds/10496-MW-5.rds
    output: /nfs/turbo/umms-parent/MindscapeProjects/10496-MW-per-sample-rds/qc_filtered/10496-MW-5_qc_filtered.rds, /nfs/turbo/umms-parent/MindscapeProjects/10496-MW-per-sample-rds/RidgePlots_QC_nFeature_nCounts_percent_Mito_sample/10496-MW-5_QC_ridgeplot.png
[Fri Jun 13 13:35:11 2025]
localrule create_qc_filtered_seurat_rds_10496_MW_3:
    input: /nfs/turbo/umms-parent/MindscapeProjects/10496-MW-per-sample-rds/seurat_rds/10496-MW-3.rds
    output: /nfs/turbo/umms-parent/MindscapeProjects/10496-MW-per-sample-rds/qc_filtered/10496-MW-3_qc_filtered.rds, /nfs/turbo/umms-parent/MindscapeProjects/10496-MW-per-sample-rds/RidgePlots_QC_nFeature_nCounts_percent_Mito_sample/10496-MW-3_QC_ridgeplot.png
    jobid: 10
    reason: Missing output files: /nfs/turbo/umms-parent/MindscapeProjects/10496-MW-per-sample-rds/qc_filtered/10496-MW-3_qc_filtered.rds, /nfs/turbo/umms-parent/MindscapeProjects/10496-MW-per-sample-rds/RidgePlots_QC_nFeature_nCounts_percent_Mito_sample/10496-MW-3_QC_ridgeplot.png
    resources: mem_mb=1500000, mem_mib=1430512, disk_mb=1000, disk_mib=954, tmpdir=/tmp, cpus=16, time=1:00:00
Shell command: None
RuleException:
WorkflowError in file "/home/elcrespo/Desktop/githubprojects/MindScape/mindscape_snakemake/workflow/rules/create_qc_filtered_seurat_rds.smk", line 33:
Failed to open source file /home/elcrespo/Desktop/githubprojects/MindScape/mindscape_snakemake/workflow/rules/../scripts/create_qc_filtered_seurat_rds.R
FileNotFoundError: [Errno 2] No such file or directory: '/home/elcrespo/Desktop/githubprojects/MindScape/mindscape_snakemake/workflow/rules/../scripts/create_qc_filtered_seurat_rds.R'
[Fri Jun 13 13:35:11 2025]
Error in rule create_qc_filtered_seurat_rds_10496_MW_3:
    message: None
    jobid: 10
    input: /nfs/turbo/umms-parent/MindscapeProjects/10496-MW-per-sample-rds/seurat_rds/10496-MW-3.rds
    output: /nfs/turbo/umms-parent/MindscapeProjects/10496-MW-per-sample-rds/qc_filtered/10496-MW-3_qc_filtered.rds, /nfs/turbo/umms-parent/MindscapeProjects/10496-MW-per-sample-rds/RidgePlots_QC_nFeature_nCounts_percent_Mito_sample/10496-MW-3_QC_ridgeplot.png
RuleException:
CalledProcessError in file "/home/elcrespo/Desktop/githubprojects/MindScape/mindscape_snakemake/workflow/rules/make_seurat_rds.smk", line 44:
Command 'set -euo pipefail;  Rscript --vanilla /home/elcrespo/Desktop/githubprojects/MindScape/mindscape_snakemake/.snakemake/scripts/tmp_xiux4j3.create_seurat_rds.R' returned non-zero exit status 137.
[Fri Jun 13 13:35:54 2025]
Error in rule make_seurat_rds_10496_MW_4:
    message: None
    jobid: 5
    input: /nfs/turbo/umms-parent/Manny_test/10496-MW-reanalysis/outs/per_sample_outs/10496-MW-4/count/sample_filtered_feature_bc_matrix, init.done
    output: /nfs/turbo/umms-parent/MindscapeProjects/10496-MW-per-sample-rds/seurat_rds/10496-MW-4.rds
Trying to restart job 5.
[Fri Jun 13 13:36:01 2025]
Finished jobid: 7 (Rule: make_seurat_rds_10496_MW_6)
1 of 10 steps (10%) done
[Fri Jun 13 13:36:09 2025]
Finished jobid: 3 (Rule: make_seurat_rds_10496_MW_2)
2 of 10 steps (20%) done
Shutting down, this might take some time.
Exiting because a job execution failed. Look below for error messages
[Fri Jun 13 13:36:09 2025]
Error in rule create_qc_filtered_seurat_rds_10496_MW_1:
    message: None
    jobid: 8
    input: /nfs/turbo/umms-parent/MindscapeProjects/10496-MW-per-sample-rds/seurat_rds/10496-MW-1.rds
    output: /nfs/turbo/umms-parent/MindscapeProjects/10496-MW-per-sample-rds/qc_filtered/10496-MW-1_qc_filtered.rds, /nfs/turbo/umms-parent/MindscapeProjects/10496-MW-per-sample-rds/RidgePlots_QC_nFeature_nCounts_percent_Mito_sample/10496-MW-1_QC_ridgeplot.png
[Fri Jun 13 13:36:09 2025]
Error in rule create_qc_filtered_seurat_rds_10496_MW_5:
    message: None
    jobid: 12
    input: /nfs/turbo/umms-parent/MindscapeProjects/10496-MW-per-sample-rds/seurat_rds/10496-MW-5.rds
    output: /nfs/turbo/umms-parent/MindscapeProjects/10496-MW-per-sample-rds/qc_filtered/10496-MW-5_qc_filtered.rds, /nfs/turbo/umms-parent/MindscapeProjects/10496-MW-per-sample-rds/RidgePlots_QC_nFeature_nCounts_percent_Mito_sample/10496-MW-5_QC_ridgeplot.png
[Fri Jun 13 13:36:09 2025]
Error in rule create_qc_filtered_seurat_rds_10496_MW_3:
    message: None
    jobid: 10
    input: /nfs/turbo/umms-parent/MindscapeProjects/10496-MW-per-sample-rds/seurat_rds/10496-MW-3.rds
    output: /nfs/turbo/umms-parent/MindscapeProjects/10496-MW-per-sample-rds/qc_filtered/10496-MW-3_qc_filtered.rds, /nfs/turbo/umms-parent/MindscapeProjects/10496-MW-per-sample-rds/RidgePlots_QC_nFeature_nCounts_percent_Mito_sample/10496-MW-3_QC_ridgeplot.png
Complete log(s): /home/elcrespo/Desktop/githubprojects/MindScape/mindscape_snakemake/.snakemake/log/2025-06-13T133508.069857.snakemake.log
WorkflowError:
At least one job did not complete successfully.
