None
host: gl-login1.arc-ts.umich.edu
Building DAG of jobs...
Using shell: /usr/bin/bash
Provided remote nodes: 50
Job stats:
job                                         count
----------------------------------------  -------
all                                             1
create_qc_filtered_seurat_rds_10496_MW_1        1
create_qc_filtered_seurat_rds_10496_MW_2        1
create_qc_filtered_seurat_rds_10496_MW_3        1
create_qc_filtered_seurat_rds_10496_MW_4        1
create_qc_filtered_seurat_rds_10496_MW_5        1
create_qc_filtered_seurat_rds_10496_MW_6        1
make_seurat_rds_10496_MW_1                      1
make_seurat_rds_10496_MW_2                      1
make_seurat_rds_10496_MW_3                      1
make_seurat_rds_10496_MW_4                      1
make_seurat_rds_10496_MW_5                      1
make_seurat_rds_10496_MW_6                      1
total                                          13

Select jobs to execute...
Execute 6 jobs...
[Fri Jun 13 11:53:18 2025]
rule make_seurat_rds_10496_MW_3:
    input: /nfs/turbo/umms-parent/Manny_test/10496-MW-reanalysis/outs/per_sample_outs/10496-MW-3/count/sample_filtered_feature_bc_matrix, init.done
    output: /nfs/turbo/umms-parent/MindscapeProjects/10496-MW-per-sample-rds/seurat_rds/10496-MW-3.rds
    jobid: 4
    reason: Code has changed since last execution
    resources: tmpdir=<TBD>, time=6:00:00, mem_mb=1500000, mem_mib=1430512, cpus=16

Submitted job 4 with external jobid 'Submitted batch job 26855459'.
[Fri Jun 13 11:53:20 2025]
rule make_seurat_rds_10496_MW_5:
    input: /nfs/turbo/umms-parent/Manny_test/10496-MW-reanalysis/outs/per_sample_outs/10496-MW-5/count/sample_filtered_feature_bc_matrix, init.done
    output: /nfs/turbo/umms-parent/MindscapeProjects/10496-MW-per-sample-rds/seurat_rds/10496-MW-5.rds
    jobid: 6
    reason: Code has changed since last execution
    resources: tmpdir=<TBD>, time=6:00:00, mem_mb=1500000, mem_mib=1430512, cpus=16

Submitted job 6 with external jobid 'Submitted batch job 26855460'.
[Fri Jun 13 11:53:20 2025]
rule make_seurat_rds_10496_MW_6:
    input: /nfs/turbo/umms-parent/Manny_test/10496-MW-reanalysis/outs/per_sample_outs/10496-MW-6/count/sample_filtered_feature_bc_matrix, init.done
    output: /nfs/turbo/umms-parent/MindscapeProjects/10496-MW-per-sample-rds/seurat_rds/10496-MW-6.rds
    jobid: 7
    reason: Missing output files: /nfs/turbo/umms-parent/MindscapeProjects/10496-MW-per-sample-rds/seurat_rds/10496-MW-6.rds
    resources: tmpdir=<TBD>, time=6:00:00, mem_mb=1500000, mem_mib=1430512, cpus=16

Submitted job 7 with external jobid 'Submitted batch job 26855461'.
[Fri Jun 13 11:53:20 2025]
rule make_seurat_rds_10496_MW_2:
    input: /nfs/turbo/umms-parent/Manny_test/10496-MW-reanalysis/outs/per_sample_outs/10496-MW-2/count/sample_filtered_feature_bc_matrix, init.done
    output: /nfs/turbo/umms-parent/MindscapeProjects/10496-MW-per-sample-rds/seurat_rds/10496-MW-2.rds
    jobid: 3
    reason: Missing output files: /nfs/turbo/umms-parent/MindscapeProjects/10496-MW-per-sample-rds/seurat_rds/10496-MW-2.rds
    resources: tmpdir=<TBD>, time=6:00:00, mem_mb=1500000, mem_mib=1430512, cpus=16

Submitted job 3 with external jobid 'Submitted batch job 26855462'.
[Fri Jun 13 11:53:20 2025]
rule make_seurat_rds_10496_MW_4:
    input: /nfs/turbo/umms-parent/Manny_test/10496-MW-reanalysis/outs/per_sample_outs/10496-MW-4/count/sample_filtered_feature_bc_matrix, init.done
    output: /nfs/turbo/umms-parent/MindscapeProjects/10496-MW-per-sample-rds/seurat_rds/10496-MW-4.rds
    jobid: 5
    reason: Missing output files: /nfs/turbo/umms-parent/MindscapeProjects/10496-MW-per-sample-rds/seurat_rds/10496-MW-4.rds
    resources: tmpdir=<TBD>, time=6:00:00, mem_mb=1500000, mem_mib=1430512, cpus=16

Submitted job 5 with external jobid 'Submitted batch job 26855463'.
[Fri Jun 13 11:53:20 2025]
rule make_seurat_rds_10496_MW_1:
    input: /nfs/turbo/umms-parent/Manny_test/10496-MW-reanalysis/outs/per_sample_outs/10496-MW-1/count/sample_filtered_feature_bc_matrix, init.done
    output: /nfs/turbo/umms-parent/MindscapeProjects/10496-MW-per-sample-rds/seurat_rds/10496-MW-1.rds
    jobid: 1
    reason: Code has changed since last execution
    resources: tmpdir=<TBD>, time=6:00:00, mem_mb=1500000, mem_mib=1430512, cpus=16

Submitted job 1 with external jobid 'Submitted batch job 26855464'.
[Fri Jun 13 11:53:58 2025]
Finished jobid: 4 (Rule: make_seurat_rds_10496_MW_3)
1 of 13 steps (8%) done
Select jobs to execute...
Execute 1 jobs...
[Fri Jun 13 11:53:58 2025]
rule create_qc_filtered_seurat_rds_10496_MW_3:
    input: /nfs/turbo/umms-parent/MindscapeProjects/10496-MW-per-sample-rds/seurat_rds/10496-MW-3.rds
    output: /nfs/turbo/umms-parent/MindscapeProjects/10496-MW-per-sample-rds/qc_filtered/10496-MW-3_qc_filtered.rds, /nfs/turbo/umms-parent/MindscapeProjects/10496-MW-per-sample-rds/RidgePlots_QC_nFeature_nCounts_percent_Mito_sample/10496-MW-3_QC_ridgeplot.png
    jobid: 10
    reason: Missing output files: /nfs/turbo/umms-parent/MindscapeProjects/10496-MW-per-sample-rds/qc_filtered/10496-MW-3_qc_filtered.rds, /nfs/turbo/umms-parent/MindscapeProjects/10496-MW-per-sample-rds/RidgePlots_QC_nFeature_nCounts_percent_Mito_sample/10496-MW-3_QC_ridgeplot.png; Input files updated by another job: /nfs/turbo/umms-parent/MindscapeProjects/10496-MW-per-sample-rds/seurat_rds/10496-MW-3.rds
    resources: tmpdir=<TBD>, time=1:00:00, mem_mb=1500000, mem_mib=1430512, cpus=16

[Fri Jun 13 11:53:58 2025]
Error in rule make_seurat_rds_10496_MW_6:
    message: For further error details see the cluster/cloud log and the log files of the involved rule(s).
    jobid: 7
    input: /nfs/turbo/umms-parent/Manny_test/10496-MW-reanalysis/outs/per_sample_outs/10496-MW-6/count/sample_filtered_feature_bc_matrix, init.done
    output: /nfs/turbo/umms-parent/MindscapeProjects/10496-MW-per-sample-rds/seurat_rds/10496-MW-6.rds
    external_jobid: Submitted batch job 26855461
[Fri Jun 13 11:53:58 2025]
Error in rule make_seurat_rds_10496_MW_2:
    message: For further error details see the cluster/cloud log and the log files of the involved rule(s).
    jobid: 3
    input: /nfs/turbo/umms-parent/Manny_test/10496-MW-reanalysis/outs/per_sample_outs/10496-MW-2/count/sample_filtered_feature_bc_matrix, init.done
    output: /nfs/turbo/umms-parent/MindscapeProjects/10496-MW-per-sample-rds/seurat_rds/10496-MW-2.rds
    external_jobid: Submitted batch job 26855462
[Fri Jun 13 11:53:58 2025]
Error in rule make_seurat_rds_10496_MW_4:
    message: For further error details see the cluster/cloud log and the log files of the involved rule(s).
    jobid: 5
    input: /nfs/turbo/umms-parent/Manny_test/10496-MW-reanalysis/outs/per_sample_outs/10496-MW-4/count/sample_filtered_feature_bc_matrix, init.done
    output: /nfs/turbo/umms-parent/MindscapeProjects/10496-MW-per-sample-rds/seurat_rds/10496-MW-4.rds
    external_jobid: Submitted batch job 26855463
Submitted job 10 with external jobid 'Submitted batch job 26855467'.
[Fri Jun 13 11:53:58 2025]
Finished jobid: 6 (Rule: make_seurat_rds_10496_MW_5)
2 of 13 steps (15%) done
[Fri Jun 13 11:53:58 2025]
Finished jobid: 1 (Rule: make_seurat_rds_10496_MW_1)
3 of 13 steps (23%) done
[Fri Jun 13 11:54:38 2025]
Error in rule create_qc_filtered_seurat_rds_10496_MW_3:
    message: For further error details see the cluster/cloud log and the log files of the involved rule(s).
    jobid: 10
    input: /nfs/turbo/umms-parent/MindscapeProjects/10496-MW-per-sample-rds/seurat_rds/10496-MW-3.rds
    output: /nfs/turbo/umms-parent/MindscapeProjects/10496-MW-per-sample-rds/qc_filtered/10496-MW-3_qc_filtered.rds, /nfs/turbo/umms-parent/MindscapeProjects/10496-MW-per-sample-rds/RidgePlots_QC_nFeature_nCounts_percent_Mito_sample/10496-MW-3_QC_ridgeplot.png
    external_jobid: Submitted batch job 26855467
Shutting down, this might take some time.
Exiting because a job execution failed. Look below for error messages
[Fri Jun 13 11:54:48 2025]
Error in rule create_qc_filtered_seurat_rds_10496_MW_3:
    message: None
    jobid: 10
    input: /nfs/turbo/umms-parent/MindscapeProjects/10496-MW-per-sample-rds/seurat_rds/10496-MW-3.rds
    output: /nfs/turbo/umms-parent/MindscapeProjects/10496-MW-per-sample-rds/qc_filtered/10496-MW-3_qc_filtered.rds, /nfs/turbo/umms-parent/MindscapeProjects/10496-MW-per-sample-rds/RidgePlots_QC_nFeature_nCounts_percent_Mito_sample/10496-MW-3_QC_ridgeplot.png
[Fri Jun 13 11:54:48 2025]
Error in rule make_seurat_rds_10496_MW_2:
    message: None
    jobid: 3
    input: /nfs/turbo/umms-parent/Manny_test/10496-MW-reanalysis/outs/per_sample_outs/10496-MW-2/count/sample_filtered_feature_bc_matrix, init.done
    output: /nfs/turbo/umms-parent/MindscapeProjects/10496-MW-per-sample-rds/seurat_rds/10496-MW-2.rds
[Fri Jun 13 11:54:48 2025]
Error in rule make_seurat_rds_10496_MW_6:
    message: None
    jobid: 7
    input: /nfs/turbo/umms-parent/Manny_test/10496-MW-reanalysis/outs/per_sample_outs/10496-MW-6/count/sample_filtered_feature_bc_matrix, init.done
    output: /nfs/turbo/umms-parent/MindscapeProjects/10496-MW-per-sample-rds/seurat_rds/10496-MW-6.rds
[Fri Jun 13 11:54:48 2025]
Error in rule make_seurat_rds_10496_MW_4:
    message: None
    jobid: 5
    input: /nfs/turbo/umms-parent/Manny_test/10496-MW-reanalysis/outs/per_sample_outs/10496-MW-4/count/sample_filtered_feature_bc_matrix, init.done
    output: /nfs/turbo/umms-parent/MindscapeProjects/10496-MW-per-sample-rds/seurat_rds/10496-MW-4.rds
Complete log(s): /home/elcrespo/Desktop/githubprojects/MindScape/mindscape_snakemake/.snakemake/log/2025-06-13T115318.005487.snakemake.log
WorkflowError:
At least one job did not complete successfully.
