Assuming unrestricted shared filesystem usage.
None
host: gl0004.arc-ts.umich.edu
Building DAG of jobs...
/nfs/turbo/umms-parent/MindscapeProjects/10496-MW-per-sample-rds/seurat_rds/10496-MW-6.rds: False 1
init.done: True 0
shared_storage_local_copies: True
remote_exec: False
Submitting maximum 100 job(s) over 1.0 second(s).
Using shell: /usr/bin/bash
Provided cores: 1 (use --cores to define parallelism)
Rules claiming more threads will be scaled down.
Job stats:
job                           count
--------------------------  -------
init_output_dir                   1
make_seurat_rds_10496_MW_6        1
total                             2

Resources before job selection: {'_cores': 1, '_nodes': 9223372036854775807, '_job_count': 9223372036854775807}
Ready jobs: 1
Select jobs to execute...
Selecting jobs to run using greedy solver.
Selected jobs: 1
Resources after job selection: {'_cores': 0, '_nodes': 9223372036854775806, '_job_count': 100}
Execute 1 jobs...
[Sun Jun  8 15:39:46 2025]
localrule init_output_dir:
    output: init.done
    jobid: 1
    reason: Forced execution
    resources: tmpdir=/tmp
Shell command: None
Waiting for running jobs to complete.
General args: ['--force', '--target-files-omit-workdir-adjustment', '', '--max-inventory-time 0', '--nocolor', '--notemp', '--no-hooks', '--nolock', '--ignore-incomplete', '', '--verbose ', '--rerun-triggers software-env mtime params input code', '', '', '', '--deployment-method conda', "--conda-frontend 'conda'", '', "--conda-base-path '/home/elcrespo/miniconda3'", '', '', '', '--shared-fs-usage storage-local-copies input-output software-deployment sources source-cache persistence', '', "--wrapper-prefix 'https://github.com/snakemake/snakemake-wrappers/raw/'", '', '', "--config 'sample=10496-MW-6'", '--printshellcmds ', '', '--latency-wait 5', "--scheduler 'greedy'", '', '--local-storage-prefix base64//LnNuYWtlbWFrZS9zdG9yYWdl', "--scheduler-solver-path '/home/elcrespo/miniconda3/envs/mindscape-env/bin'", '', '', '--configfiles /home/elcrespo/Desktop/githubprojects/MindScape/mindscape_snakemake/config/config.yaml', '', '', '', '--default-resources base64//dG1wZGlyPXN5c3RlbV90bXBkaXI=']
spawned job: cd /home/elcrespo/Desktop/githubprojects/MindScape/mindscape_snakemake && /home/elcrespo/miniconda3/envs/mindscape-env/bin/python3.11 -m snakemake --snakefile '/home/elcrespo/Desktop/githubprojects/MindScape/mindscape_snakemake/workflow/Snakefile' --target-jobs 'init_output_dir:' --allowed-rules init_output_dir --cores 1 --attempt 1 --force-use-threads  --force --target-files-omit-workdir-adjustment --max-inventory-time 0 --nocolor --notemp --no-hooks --nolock --ignore-incomplete --verbose  --rerun-triggers software-env mtime params input code --deployment-method conda --conda-frontend 'conda' --conda-base-path '/home/elcrespo/miniconda3' --shared-fs-usage storage-local-copies input-output software-deployment sources source-cache persistence --wrapper-prefix 'https://github.com/snakemake/snakemake-wrappers/raw/' --config 'sample=10496-MW-6' --printshellcmds  --latency-wait 5 --scheduler 'greedy' --local-storage-prefix base64//LnNuYWtlbWFrZS9zdG9yYWdl --scheduler-solver-path '/home/elcrespo/miniconda3/envs/mindscape-env/bin' --configfiles /home/elcrespo/Desktop/githubprojects/MindScape/mindscape_snakemake/config/config.yaml --default-resources base64//dG1wZGlyPXN5c3RlbV90bXBkaXI= --quiet progress rules host --mode 'subprocess' --local-groupid 'local'
[Sun Jun  8 15:39:49 2025]
Finished jobid: 1 (Rule: init_output_dir)
1 of 2 steps (50%) done
/nfs/turbo/umms-parent/MindscapeProjects/10496-MW-per-sample-rds/seurat_rds/10496-MW-6.rds: True 0
Resources before job selection: {'_cores': 1, '_nodes': 9223372036854775807, '_job_count': 100}
Ready jobs: 1
Select jobs to execute...
Selecting jobs to run using greedy solver.
Selected jobs: 1
Resources after job selection: {'_cores': 0, '_nodes': 9223372036854775806, '_job_count': 100}
Execute 1 jobs...
[Sun Jun  8 15:39:49 2025]
localrule make_seurat_rds_10496_MW_6:
    input: /nfs/turbo/umms-parent/Manny_test/10496-MW-reanalysis/outs/per_sample_outs/10496-MW-6/count/sample_filtered_feature_bc_matrix, init.done
    output: /nfs/turbo/umms-parent/MindscapeProjects/10496-MW-per-sample-rds/seurat_rds/10496-MW-6.rds
    jobid: 0
    reason: Forced execution
    resources: tmpdir=/tmp, time=6:00:00, mem_mb=1500000, mem_mib=1430512, cpus=16
Shell command: None
Waiting for running jobs to complete.
[Sun Jun  8 15:40:08 2025]
Finished jobid: 0 (Rule: make_seurat_rds_10496_MW_6)
2 of 2 steps (100%) done
Complete log(s): /home/elcrespo/Desktop/githubprojects/MindScape/mindscape_snakemake/.snakemake/log/2025-06-08T153946.600483.snakemake.log
unlocking
removing lock
removing lock
removed all locks
