None
host: gl-login2.arc-ts.umich.edu
Building DAG of jobs...
Using shell: /usr/bin/bash
Provided remote nodes: 50
Job stats:
job                           count
--------------------------  -------
all                               1
make_seurat_rds_10496_MW_2        1
make_seurat_rds_10496_MW_4        1
make_seurat_rds_10496_MW_6        1
total                             4

Select jobs to execute...
Execute 3 jobs...
[Sun Jun  8 13:55:03 2025]
rule make_seurat_rds_10496_MW_4:
    input: /nfs/turbo/umms-parent/Manny_test/10496-MW-reanalysis/outs/per_sample_outs/10496-MW-4/count/sample_filtered_feature_bc_matrix, init.done
    output: /nfs/turbo/umms-parent/MindscapeProjects/10496-MW-per-sample-rds/seurat_rds/10496-MW-4.rds
    jobid: 5
    reason: Missing output files: /nfs/turbo/umms-parent/MindscapeProjects/10496-MW-per-sample-rds/seurat_rds/10496-MW-4.rds
    resources: tmpdir=<TBD>, time=12:00:00, mem_mb=1500000, mem_mib=1430512, cpus=16

Submitted job 5 with external jobid 'Submitted batch job 26702915'.
[Sun Jun  8 13:55:04 2025]
rule make_seurat_rds_10496_MW_2:
    input: /nfs/turbo/umms-parent/Manny_test/10496-MW-reanalysis/outs/per_sample_outs/10496-MW-2/count/sample_filtered_feature_bc_matrix, init.done
    output: /nfs/turbo/umms-parent/MindscapeProjects/10496-MW-per-sample-rds/seurat_rds/10496-MW-2.rds
    jobid: 3
    reason: Missing output files: /nfs/turbo/umms-parent/MindscapeProjects/10496-MW-per-sample-rds/seurat_rds/10496-MW-2.rds
    resources: tmpdir=<TBD>, time=12:00:00, mem_mb=1500000, mem_mib=1430512, cpus=16

Submitted job 3 with external jobid 'Submitted batch job 26702916'.
[Sun Jun  8 13:55:04 2025]
rule make_seurat_rds_10496_MW_6:
    input: /nfs/turbo/umms-parent/Manny_test/10496-MW-reanalysis/outs/per_sample_outs/10496-MW-6/count/sample_filtered_feature_bc_matrix, init.done
    output: /nfs/turbo/umms-parent/MindscapeProjects/10496-MW-per-sample-rds/seurat_rds/10496-MW-6.rds
    jobid: 7
    reason: Missing output files: /nfs/turbo/umms-parent/MindscapeProjects/10496-MW-per-sample-rds/seurat_rds/10496-MW-6.rds
    resources: tmpdir=<TBD>, time=12:00:00, mem_mb=1500000, mem_mib=1430512, cpus=16

Submitted job 7 with external jobid 'Submitted batch job 26702917'.
[Sun Jun  8 13:55:43 2025]
Error in rule make_seurat_rds_10496_MW_4:
    message: For further error details see the cluster/cloud log and the log files of the involved rule(s).
    jobid: 5
    input: /nfs/turbo/umms-parent/Manny_test/10496-MW-reanalysis/outs/per_sample_outs/10496-MW-4/count/sample_filtered_feature_bc_matrix, init.done
    output: /nfs/turbo/umms-parent/MindscapeProjects/10496-MW-per-sample-rds/seurat_rds/10496-MW-4.rds
    external_jobid: Submitted batch job 26702915
[Sun Jun  8 13:55:43 2025]
Error in rule make_seurat_rds_10496_MW_2:
    message: For further error details see the cluster/cloud log and the log files of the involved rule(s).
    jobid: 3
    input: /nfs/turbo/umms-parent/Manny_test/10496-MW-reanalysis/outs/per_sample_outs/10496-MW-2/count/sample_filtered_feature_bc_matrix, init.done
    output: /nfs/turbo/umms-parent/MindscapeProjects/10496-MW-per-sample-rds/seurat_rds/10496-MW-2.rds
    external_jobid: Submitted batch job 26702916
[Sun Jun  8 13:55:43 2025]
Error in rule make_seurat_rds_10496_MW_6:
    message: For further error details see the cluster/cloud log and the log files of the involved rule(s).
    jobid: 7
    input: /nfs/turbo/umms-parent/Manny_test/10496-MW-reanalysis/outs/per_sample_outs/10496-MW-6/count/sample_filtered_feature_bc_matrix, init.done
    output: /nfs/turbo/umms-parent/MindscapeProjects/10496-MW-per-sample-rds/seurat_rds/10496-MW-6.rds
    external_jobid: Submitted batch job 26702917
Shutting down, this might take some time.
Exiting because a job execution failed. Look below for error messages
[Sun Jun  8 13:55:53 2025]
Error in rule make_seurat_rds_10496_MW_4:
    message: None
    jobid: 5
    input: /nfs/turbo/umms-parent/Manny_test/10496-MW-reanalysis/outs/per_sample_outs/10496-MW-4/count/sample_filtered_feature_bc_matrix, init.done
    output: /nfs/turbo/umms-parent/MindscapeProjects/10496-MW-per-sample-rds/seurat_rds/10496-MW-4.rds
[Sun Jun  8 13:55:53 2025]
Error in rule make_seurat_rds_10496_MW_2:
    message: None
    jobid: 3
    input: /nfs/turbo/umms-parent/Manny_test/10496-MW-reanalysis/outs/per_sample_outs/10496-MW-2/count/sample_filtered_feature_bc_matrix, init.done
    output: /nfs/turbo/umms-parent/MindscapeProjects/10496-MW-per-sample-rds/seurat_rds/10496-MW-2.rds
[Sun Jun  8 13:55:53 2025]
Error in rule make_seurat_rds_10496_MW_6:
    message: None
    jobid: 7
    input: /nfs/turbo/umms-parent/Manny_test/10496-MW-reanalysis/outs/per_sample_outs/10496-MW-6/count/sample_filtered_feature_bc_matrix, init.done
    output: /nfs/turbo/umms-parent/MindscapeProjects/10496-MW-per-sample-rds/seurat_rds/10496-MW-6.rds
Complete log(s): /home/elcrespo/Desktop/githubprojects/MindScape/mindscape_snakemake/.snakemake/log/2025-06-08T135502.556447.snakemake.log
WorkflowError:
At least one job did not complete successfully.
