Assuming unrestricted shared filesystem usage.
None
host: gl0005.arc-ts.umich.edu
Building DAG of jobs...
Full Traceback (most recent call last):
  File "/home/elcrespo/miniconda3/envs/mindscape-env/lib/python3.11/site-packages/snakemake/cli.py", line 2173, in args_to_api
    dag_api.execute_workflow(
  File "/home/elcrespo/miniconda3/envs/mindscape-env/lib/python3.11/site-packages/snakemake/api.py", line 603, in execute_workflow
    workflow.execute(
  File "/home/elcrespo/miniconda3/envs/mindscape-env/lib/python3.11/site-packages/snakemake/workflow.py", line 1225, in execute
    self._build_dag()
  File "/home/elcrespo/miniconda3/envs/mindscape-env/lib/python3.11/site-packages/snakemake/workflow.py", line 1171, in _build_dag
    async_run(self.dag.init())
  File "/home/elcrespo/miniconda3/envs/mindscape-env/lib/python3.11/site-packages/snakemake/common/__init__.py", line 99, in async_run
    return asyncio.run(coroutine)
           ^^^^^^^^^^^^^^^^^^^^^^
  File "/home/elcrespo/miniconda3/envs/mindscape-env/lib/python3.11/asyncio/runners.py", line 190, in run
    return runner.run(main)
           ^^^^^^^^^^^^^^^^
  File "/home/elcrespo/miniconda3/envs/mindscape-env/lib/python3.11/asyncio/runners.py", line 118, in run
    return self._loop.run_until_complete(task)
           ^^^^^^^^^^^^^^^^^^^^^^^^^^^^^^^^^^^
  File "/home/elcrespo/miniconda3/envs/mindscape-env/lib/python3.11/asyncio/base_events.py", line 654, in run_until_complete
    return future.result()
           ^^^^^^^^^^^^^^^
  File "/home/elcrespo/miniconda3/envs/mindscape-env/lib/python3.11/site-packages/snakemake/dag.py", line 248, in init
    await self.check_incomplete()
  File "/home/elcrespo/miniconda3/envs/mindscape-env/lib/python3.11/site-packages/snakemake/dag.py", line 556, in check_incomplete
    raise IncompleteFilesException(incomplete_files)
snakemake.exceptions.IncompleteFilesException: The files below seem to be incomplete. If you are sure that certain files are not incomplete, mark them as complete with

    snakemake --cleanup-metadata <filenames>

To re-generate the files rerun your command with the --rerun-incomplete flag.
Incomplete files:
init.done

IncompleteFilesException:
The files below seem to be incomplete. If you are sure that certain files are not incomplete, mark them as complete with

    snakemake --cleanup-metadata <filenames>

To re-generate the files rerun your command with the --rerun-incomplete flag.
Incomplete files:
init.done
