Assuming unrestricted shared filesystem usage.
None
host: gl-login1.arc-ts.umich.edu
Building DAG of jobs...
Using shell: /usr/bin/bash
Provided cores: 500
Rules claiming more threads will be scaled down.
Job stats:
job                                         count
----------------------------------------  -------
all                                             1
create_qc_filtered_seurat_rds_10496_MW_1        1
create_qc_filtered_seurat_rds_10496_MW_2        1
create_qc_filtered_seurat_rds_10496_MW_3        1
create_qc_filtered_seurat_rds_10496_MW_4        1
create_qc_filtered_seurat_rds_10496_MW_5        1
create_qc_filtered_seurat_rds_10496_MW_6        1
total                                           7

Select jobs to execute...
Execute 6 jobs...
[Fri Jun 13 13:53:12 2025]
localrule create_qc_filtered_seurat_rds_10496_MW_5:
    input: /nfs/turbo/umms-parent/MindscapeProjects/10496-MW-per-sample-rds/seurat_rds/10496-MW-5.rds
    output: /nfs/turbo/umms-parent/MindscapeProjects/10496-MW-per-sample-rds/qc_filtered/10496-MW-5_qc_filtered.rds, /nfs/turbo/umms-parent/MindscapeProjects/10496-MW-per-sample-rds/RidgePlots_QC_nFeature_nCounts_percent_Mito_sample/10496-MW-5_QC_ridgeplot.png
    jobid: 12
    reason: Missing output files: /nfs/turbo/umms-parent/MindscapeProjects/10496-MW-per-sample-rds/qc_filtered/10496-MW-5_qc_filtered.rds, /nfs/turbo/umms-parent/MindscapeProjects/10496-MW-per-sample-rds/RidgePlots_QC_nFeature_nCounts_percent_Mito_sample/10496-MW-5_QC_ridgeplot.png
    resources: mem_mb=1500000, mem_mib=1430512, disk_mb=1000, disk_mib=954, tmpdir=/tmp, cpus=16, time=1:00:00
Shell command: None
RuleException:
WorkflowError in file "/home/elcrespo/Desktop/githubprojects/MindScape/mindscape_snakemake/workflow/rules/create_qc_filtered_seurat_rds.smk", line 33:
Failed to open source file /home/elcrespo/Desktop/githubprojects/MindScape/mindscape_snakemake/workflow/rules/workflow/scripts/create_qc_filtered_seurat_rds.R
FileNotFoundError: [Errno 2] No such file or directory: '/home/elcrespo/Desktop/githubprojects/MindScape/mindscape_snakemake/workflow/rules/workflow/scripts/create_qc_filtered_seurat_rds.R'
[Fri Jun 13 13:53:14 2025]
Error in rule create_qc_filtered_seurat_rds_10496_MW_5:
    message: None
    jobid: 12
    input: /nfs/turbo/umms-parent/MindscapeProjects/10496-MW-per-sample-rds/seurat_rds/10496-MW-5.rds
    output: /nfs/turbo/umms-parent/MindscapeProjects/10496-MW-per-sample-rds/qc_filtered/10496-MW-5_qc_filtered.rds, /nfs/turbo/umms-parent/MindscapeProjects/10496-MW-per-sample-rds/RidgePlots_QC_nFeature_nCounts_percent_Mito_sample/10496-MW-5_QC_ridgeplot.png
[Fri Jun 13 13:53:14 2025]
localrule create_qc_filtered_seurat_rds_10496_MW_4:
    input: /nfs/turbo/umms-parent/MindscapeProjects/10496-MW-per-sample-rds/seurat_rds/10496-MW-4.rds
    output: /nfs/turbo/umms-parent/MindscapeProjects/10496-MW-per-sample-rds/qc_filtered/10496-MW-4_qc_filtered.rds, /nfs/turbo/umms-parent/MindscapeProjects/10496-MW-per-sample-rds/RidgePlots_QC_nFeature_nCounts_percent_Mito_sample/10496-MW-4_QC_ridgeplot.png
    jobid: 11
    reason: Missing output files: /nfs/turbo/umms-parent/MindscapeProjects/10496-MW-per-sample-rds/qc_filtered/10496-MW-4_qc_filtered.rds, /nfs/turbo/umms-parent/MindscapeProjects/10496-MW-per-sample-rds/RidgePlots_QC_nFeature_nCounts_percent_Mito_sample/10496-MW-4_QC_ridgeplot.png
    resources: mem_mb=1500000, mem_mib=1430512, disk_mb=1000, disk_mib=954, tmpdir=/tmp, cpus=16, time=1:00:00
Shell command: None
RuleException:
WorkflowError in file "/home/elcrespo/Desktop/githubprojects/MindScape/mindscape_snakemake/workflow/rules/create_qc_filtered_seurat_rds.smk", line 33:
Failed to open source file /home/elcrespo/Desktop/githubprojects/MindScape/mindscape_snakemake/workflow/rules/workflow/scripts/create_qc_filtered_seurat_rds.R
FileNotFoundError: [Errno 2] No such file or directory: '/home/elcrespo/Desktop/githubprojects/MindScape/mindscape_snakemake/workflow/rules/workflow/scripts/create_qc_filtered_seurat_rds.R'
[Fri Jun 13 13:53:14 2025]
Error in rule create_qc_filtered_seurat_rds_10496_MW_4:
    message: None
    jobid: 11
    input: /nfs/turbo/umms-parent/MindscapeProjects/10496-MW-per-sample-rds/seurat_rds/10496-MW-4.rds
    output: /nfs/turbo/umms-parent/MindscapeProjects/10496-MW-per-sample-rds/qc_filtered/10496-MW-4_qc_filtered.rds, /nfs/turbo/umms-parent/MindscapeProjects/10496-MW-per-sample-rds/RidgePlots_QC_nFeature_nCounts_percent_Mito_sample/10496-MW-4_QC_ridgeplot.png
[Fri Jun 13 13:53:14 2025]
localrule create_qc_filtered_seurat_rds_10496_MW_2:
    input: /nfs/turbo/umms-parent/MindscapeProjects/10496-MW-per-sample-rds/seurat_rds/10496-MW-2.rds
    output: /nfs/turbo/umms-parent/MindscapeProjects/10496-MW-per-sample-rds/qc_filtered/10496-MW-2_qc_filtered.rds, /nfs/turbo/umms-parent/MindscapeProjects/10496-MW-per-sample-rds/RidgePlots_QC_nFeature_nCounts_percent_Mito_sample/10496-MW-2_QC_ridgeplot.png
    jobid: 9
    reason: Missing output files: /nfs/turbo/umms-parent/MindscapeProjects/10496-MW-per-sample-rds/qc_filtered/10496-MW-2_qc_filtered.rds, /nfs/turbo/umms-parent/MindscapeProjects/10496-MW-per-sample-rds/RidgePlots_QC_nFeature_nCounts_percent_Mito_sample/10496-MW-2_QC_ridgeplot.png
    resources: mem_mb=1500000, mem_mib=1430512, disk_mb=1000, disk_mib=954, tmpdir=/tmp, cpus=16, time=1:00:00
Shell command: None
RuleException:
WorkflowError in file "/home/elcrespo/Desktop/githubprojects/MindScape/mindscape_snakemake/workflow/rules/create_qc_filtered_seurat_rds.smk", line 33:
Failed to open source file /home/elcrespo/Desktop/githubprojects/MindScape/mindscape_snakemake/workflow/rules/workflow/scripts/create_qc_filtered_seurat_rds.R
FileNotFoundError: [Errno 2] No such file or directory: '/home/elcrespo/Desktop/githubprojects/MindScape/mindscape_snakemake/workflow/rules/workflow/scripts/create_qc_filtered_seurat_rds.R'
[Fri Jun 13 13:53:14 2025]
Error in rule create_qc_filtered_seurat_rds_10496_MW_2:
    message: None
    jobid: 9
    input: /nfs/turbo/umms-parent/MindscapeProjects/10496-MW-per-sample-rds/seurat_rds/10496-MW-2.rds
    output: /nfs/turbo/umms-parent/MindscapeProjects/10496-MW-per-sample-rds/qc_filtered/10496-MW-2_qc_filtered.rds, /nfs/turbo/umms-parent/MindscapeProjects/10496-MW-per-sample-rds/RidgePlots_QC_nFeature_nCounts_percent_Mito_sample/10496-MW-2_QC_ridgeplot.png
[Fri Jun 13 13:53:14 2025]
localrule create_qc_filtered_seurat_rds_10496_MW_6:
    input: /nfs/turbo/umms-parent/MindscapeProjects/10496-MW-per-sample-rds/seurat_rds/10496-MW-6.rds
    output: /nfs/turbo/umms-parent/MindscapeProjects/10496-MW-per-sample-rds/qc_filtered/10496-MW-6_qc_filtered.rds, /nfs/turbo/umms-parent/MindscapeProjects/10496-MW-per-sample-rds/RidgePlots_QC_nFeature_nCounts_percent_Mito_sample/10496-MW-6_QC_ridgeplot.png
    jobid: 13
    reason: Missing output files: /nfs/turbo/umms-parent/MindscapeProjects/10496-MW-per-sample-rds/qc_filtered/10496-MW-6_qc_filtered.rds, /nfs/turbo/umms-parent/MindscapeProjects/10496-MW-per-sample-rds/RidgePlots_QC_nFeature_nCounts_percent_Mito_sample/10496-MW-6_QC_ridgeplot.png
    resources: mem_mb=1500000, mem_mib=1430512, disk_mb=1000, disk_mib=954, tmpdir=/tmp, cpus=16, time=1:00:00
Shell command: None
RuleException:
WorkflowError in file "/home/elcrespo/Desktop/githubprojects/MindScape/mindscape_snakemake/workflow/rules/create_qc_filtered_seurat_rds.smk", line 33:
Failed to open source file /home/elcrespo/Desktop/githubprojects/MindScape/mindscape_snakemake/workflow/rules/workflow/scripts/create_qc_filtered_seurat_rds.R
FileNotFoundError: [Errno 2] No such file or directory: '/home/elcrespo/Desktop/githubprojects/MindScape/mindscape_snakemake/workflow/rules/workflow/scripts/create_qc_filtered_seurat_rds.R'
[Fri Jun 13 13:53:14 2025]
Error in rule create_qc_filtered_seurat_rds_10496_MW_6:
    message: None
    jobid: 13
    input: /nfs/turbo/umms-parent/MindscapeProjects/10496-MW-per-sample-rds/seurat_rds/10496-MW-6.rds
    output: /nfs/turbo/umms-parent/MindscapeProjects/10496-MW-per-sample-rds/qc_filtered/10496-MW-6_qc_filtered.rds, /nfs/turbo/umms-parent/MindscapeProjects/10496-MW-per-sample-rds/RidgePlots_QC_nFeature_nCounts_percent_Mito_sample/10496-MW-6_QC_ridgeplot.png
[Fri Jun 13 13:53:14 2025]
localrule create_qc_filtered_seurat_rds_10496_MW_1:
    input: /nfs/turbo/umms-parent/MindscapeProjects/10496-MW-per-sample-rds/seurat_rds/10496-MW-1.rds
    output: /nfs/turbo/umms-parent/MindscapeProjects/10496-MW-per-sample-rds/qc_filtered/10496-MW-1_qc_filtered.rds, /nfs/turbo/umms-parent/MindscapeProjects/10496-MW-per-sample-rds/RidgePlots_QC_nFeature_nCounts_percent_Mito_sample/10496-MW-1_QC_ridgeplot.png
    jobid: 8
    reason: Missing output files: /nfs/turbo/umms-parent/MindscapeProjects/10496-MW-per-sample-rds/qc_filtered/10496-MW-1_qc_filtered.rds, /nfs/turbo/umms-parent/MindscapeProjects/10496-MW-per-sample-rds/RidgePlots_QC_nFeature_nCounts_percent_Mito_sample/10496-MW-1_QC_ridgeplot.png
    resources: mem_mb=1500000, mem_mib=1430512, disk_mb=1000, disk_mib=954, tmpdir=/tmp, cpus=16, time=1:00:00
Shell command: None
RuleException:
WorkflowError in file "/home/elcrespo/Desktop/githubprojects/MindScape/mindscape_snakemake/workflow/rules/create_qc_filtered_seurat_rds.smk", line 33:
Failed to open source file /home/elcrespo/Desktop/githubprojects/MindScape/mindscape_snakemake/workflow/rules/workflow/scripts/create_qc_filtered_seurat_rds.R
FileNotFoundError: [Errno 2] No such file or directory: '/home/elcrespo/Desktop/githubprojects/MindScape/mindscape_snakemake/workflow/rules/workflow/scripts/create_qc_filtered_seurat_rds.R'
[Fri Jun 13 13:53:14 2025]
Error in rule create_qc_filtered_seurat_rds_10496_MW_1:
    message: None
    jobid: 8
    input: /nfs/turbo/umms-parent/MindscapeProjects/10496-MW-per-sample-rds/seurat_rds/10496-MW-1.rds
    output: /nfs/turbo/umms-parent/MindscapeProjects/10496-MW-per-sample-rds/qc_filtered/10496-MW-1_qc_filtered.rds, /nfs/turbo/umms-parent/MindscapeProjects/10496-MW-per-sample-rds/RidgePlots_QC_nFeature_nCounts_percent_Mito_sample/10496-MW-1_QC_ridgeplot.png
[Fri Jun 13 13:53:14 2025]
localrule create_qc_filtered_seurat_rds_10496_MW_3:
    input: /nfs/turbo/umms-parent/MindscapeProjects/10496-MW-per-sample-rds/seurat_rds/10496-MW-3.rds
    output: /nfs/turbo/umms-parent/MindscapeProjects/10496-MW-per-sample-rds/qc_filtered/10496-MW-3_qc_filtered.rds, /nfs/turbo/umms-parent/MindscapeProjects/10496-MW-per-sample-rds/RidgePlots_QC_nFeature_nCounts_percent_Mito_sample/10496-MW-3_QC_ridgeplot.png
    jobid: 10
    reason: Missing output files: /nfs/turbo/umms-parent/MindscapeProjects/10496-MW-per-sample-rds/RidgePlots_QC_nFeature_nCounts_percent_Mito_sample/10496-MW-3_QC_ridgeplot.png, /nfs/turbo/umms-parent/MindscapeProjects/10496-MW-per-sample-rds/qc_filtered/10496-MW-3_qc_filtered.rds
    resources: mem_mb=1500000, mem_mib=1430512, disk_mb=1000, disk_mib=954, tmpdir=/tmp, cpus=16, time=1:00:00
Shell command: None
RuleException:
WorkflowError in file "/home/elcrespo/Desktop/githubprojects/MindScape/mindscape_snakemake/workflow/rules/create_qc_filtered_seurat_rds.smk", line 33:
Failed to open source file /home/elcrespo/Desktop/githubprojects/MindScape/mindscape_snakemake/workflow/rules/workflow/scripts/create_qc_filtered_seurat_rds.R
FileNotFoundError: [Errno 2] No such file or directory: '/home/elcrespo/Desktop/githubprojects/MindScape/mindscape_snakemake/workflow/rules/workflow/scripts/create_qc_filtered_seurat_rds.R'
[Fri Jun 13 13:53:14 2025]
Error in rule create_qc_filtered_seurat_rds_10496_MW_3:
    message: None
    jobid: 10
    input: /nfs/turbo/umms-parent/MindscapeProjects/10496-MW-per-sample-rds/seurat_rds/10496-MW-3.rds
    output: /nfs/turbo/umms-parent/MindscapeProjects/10496-MW-per-sample-rds/qc_filtered/10496-MW-3_qc_filtered.rds, /nfs/turbo/umms-parent/MindscapeProjects/10496-MW-per-sample-rds/RidgePlots_QC_nFeature_nCounts_percent_Mito_sample/10496-MW-3_QC_ridgeplot.png
Trying to restart job 12.
Trying to restart job 11.
Trying to restart job 9.
Trying to restart job 13.
Trying to restart job 8.
Trying to restart job 10.
Select jobs to execute...
Execute 6 jobs...
[Fri Jun 13 13:53:14 2025]
localrule create_qc_filtered_seurat_rds_10496_MW_5:
    input: /nfs/turbo/umms-parent/MindscapeProjects/10496-MW-per-sample-rds/seurat_rds/10496-MW-5.rds
    output: /nfs/turbo/umms-parent/MindscapeProjects/10496-MW-per-sample-rds/qc_filtered/10496-MW-5_qc_filtered.rds, /nfs/turbo/umms-parent/MindscapeProjects/10496-MW-per-sample-rds/RidgePlots_QC_nFeature_nCounts_percent_Mito_sample/10496-MW-5_QC_ridgeplot.png
    jobid: 12
    reason: Missing output files: /nfs/turbo/umms-parent/MindscapeProjects/10496-MW-per-sample-rds/qc_filtered/10496-MW-5_qc_filtered.rds, /nfs/turbo/umms-parent/MindscapeProjects/10496-MW-per-sample-rds/RidgePlots_QC_nFeature_nCounts_percent_Mito_sample/10496-MW-5_QC_ridgeplot.png
    resources: mem_mb=1500000, mem_mib=1430512, disk_mb=1000, disk_mib=954, tmpdir=/tmp, cpus=16, time=1:00:00
Shell command: None
RuleException:
WorkflowError in file "/home/elcrespo/Desktop/githubprojects/MindScape/mindscape_snakemake/workflow/rules/create_qc_filtered_seurat_rds.smk", line 33:
Failed to open source file /home/elcrespo/Desktop/githubprojects/MindScape/mindscape_snakemake/workflow/rules/workflow/scripts/create_qc_filtered_seurat_rds.R
FileNotFoundError: [Errno 2] No such file or directory: '/home/elcrespo/Desktop/githubprojects/MindScape/mindscape_snakemake/workflow/rules/workflow/scripts/create_qc_filtered_seurat_rds.R'
[Fri Jun 13 13:53:14 2025]
Error in rule create_qc_filtered_seurat_rds_10496_MW_5:
    message: None
    jobid: 12
    input: /nfs/turbo/umms-parent/MindscapeProjects/10496-MW-per-sample-rds/seurat_rds/10496-MW-5.rds
    output: /nfs/turbo/umms-parent/MindscapeProjects/10496-MW-per-sample-rds/qc_filtered/10496-MW-5_qc_filtered.rds, /nfs/turbo/umms-parent/MindscapeProjects/10496-MW-per-sample-rds/RidgePlots_QC_nFeature_nCounts_percent_Mito_sample/10496-MW-5_QC_ridgeplot.png
[Fri Jun 13 13:53:14 2025]
localrule create_qc_filtered_seurat_rds_10496_MW_4:
    input: /nfs/turbo/umms-parent/MindscapeProjects/10496-MW-per-sample-rds/seurat_rds/10496-MW-4.rds
    output: /nfs/turbo/umms-parent/MindscapeProjects/10496-MW-per-sample-rds/qc_filtered/10496-MW-4_qc_filtered.rds, /nfs/turbo/umms-parent/MindscapeProjects/10496-MW-per-sample-rds/RidgePlots_QC_nFeature_nCounts_percent_Mito_sample/10496-MW-4_QC_ridgeplot.png
    jobid: 11
    reason: Missing output files: /nfs/turbo/umms-parent/MindscapeProjects/10496-MW-per-sample-rds/qc_filtered/10496-MW-4_qc_filtered.rds, /nfs/turbo/umms-parent/MindscapeProjects/10496-MW-per-sample-rds/RidgePlots_QC_nFeature_nCounts_percent_Mito_sample/10496-MW-4_QC_ridgeplot.png
    resources: mem_mb=1500000, mem_mib=1430512, disk_mb=1000, disk_mib=954, tmpdir=/tmp, cpus=16, time=1:00:00
Shell command: None
RuleException:
WorkflowError in file "/home/elcrespo/Desktop/githubprojects/MindScape/mindscape_snakemake/workflow/rules/create_qc_filtered_seurat_rds.smk", line 33:
Failed to open source file /home/elcrespo/Desktop/githubprojects/MindScape/mindscape_snakemake/workflow/rules/workflow/scripts/create_qc_filtered_seurat_rds.R
FileNotFoundError: [Errno 2] No such file or directory: '/home/elcrespo/Desktop/githubprojects/MindScape/mindscape_snakemake/workflow/rules/workflow/scripts/create_qc_filtered_seurat_rds.R'
[Fri Jun 13 13:53:14 2025]
Error in rule create_qc_filtered_seurat_rds_10496_MW_4:
    message: None
    jobid: 11
    input: /nfs/turbo/umms-parent/MindscapeProjects/10496-MW-per-sample-rds/seurat_rds/10496-MW-4.rds
    output: /nfs/turbo/umms-parent/MindscapeProjects/10496-MW-per-sample-rds/qc_filtered/10496-MW-4_qc_filtered.rds, /nfs/turbo/umms-parent/MindscapeProjects/10496-MW-per-sample-rds/RidgePlots_QC_nFeature_nCounts_percent_Mito_sample/10496-MW-4_QC_ridgeplot.png
[Fri Jun 13 13:53:14 2025]
localrule create_qc_filtered_seurat_rds_10496_MW_2:
    input: /nfs/turbo/umms-parent/MindscapeProjects/10496-MW-per-sample-rds/seurat_rds/10496-MW-2.rds
    output: /nfs/turbo/umms-parent/MindscapeProjects/10496-MW-per-sample-rds/qc_filtered/10496-MW-2_qc_filtered.rds, /nfs/turbo/umms-parent/MindscapeProjects/10496-MW-per-sample-rds/RidgePlots_QC_nFeature_nCounts_percent_Mito_sample/10496-MW-2_QC_ridgeplot.png
    jobid: 9
    reason: Missing output files: /nfs/turbo/umms-parent/MindscapeProjects/10496-MW-per-sample-rds/qc_filtered/10496-MW-2_qc_filtered.rds, /nfs/turbo/umms-parent/MindscapeProjects/10496-MW-per-sample-rds/RidgePlots_QC_nFeature_nCounts_percent_Mito_sample/10496-MW-2_QC_ridgeplot.png
    resources: mem_mb=1500000, mem_mib=1430512, disk_mb=1000, disk_mib=954, tmpdir=/tmp, cpus=16, time=1:00:00
Shell command: None
RuleException:
WorkflowError in file "/home/elcrespo/Desktop/githubprojects/MindScape/mindscape_snakemake/workflow/rules/create_qc_filtered_seurat_rds.smk", line 33:
Failed to open source file /home/elcrespo/Desktop/githubprojects/MindScape/mindscape_snakemake/workflow/rules/workflow/scripts/create_qc_filtered_seurat_rds.R
FileNotFoundError: [Errno 2] No such file or directory: '/home/elcrespo/Desktop/githubprojects/MindScape/mindscape_snakemake/workflow/rules/workflow/scripts/create_qc_filtered_seurat_rds.R'
[Fri Jun 13 13:53:14 2025]
Error in rule create_qc_filtered_seurat_rds_10496_MW_2:
    message: None
    jobid: 9
    input: /nfs/turbo/umms-parent/MindscapeProjects/10496-MW-per-sample-rds/seurat_rds/10496-MW-2.rds
    output: /nfs/turbo/umms-parent/MindscapeProjects/10496-MW-per-sample-rds/qc_filtered/10496-MW-2_qc_filtered.rds, /nfs/turbo/umms-parent/MindscapeProjects/10496-MW-per-sample-rds/RidgePlots_QC_nFeature_nCounts_percent_Mito_sample/10496-MW-2_QC_ridgeplot.png
[Fri Jun 13 13:53:14 2025]
localrule create_qc_filtered_seurat_rds_10496_MW_6:
    input: /nfs/turbo/umms-parent/MindscapeProjects/10496-MW-per-sample-rds/seurat_rds/10496-MW-6.rds
    output: /nfs/turbo/umms-parent/MindscapeProjects/10496-MW-per-sample-rds/qc_filtered/10496-MW-6_qc_filtered.rds, /nfs/turbo/umms-parent/MindscapeProjects/10496-MW-per-sample-rds/RidgePlots_QC_nFeature_nCounts_percent_Mito_sample/10496-MW-6_QC_ridgeplot.png
    jobid: 13
    reason: Missing output files: /nfs/turbo/umms-parent/MindscapeProjects/10496-MW-per-sample-rds/qc_filtered/10496-MW-6_qc_filtered.rds, /nfs/turbo/umms-parent/MindscapeProjects/10496-MW-per-sample-rds/RidgePlots_QC_nFeature_nCounts_percent_Mito_sample/10496-MW-6_QC_ridgeplot.png
    resources: mem_mb=1500000, mem_mib=1430512, disk_mb=1000, disk_mib=954, tmpdir=/tmp, cpus=16, time=1:00:00
Shell command: None
RuleException:
WorkflowError in file "/home/elcrespo/Desktop/githubprojects/MindScape/mindscape_snakemake/workflow/rules/create_qc_filtered_seurat_rds.smk", line 33:
Failed to open source file /home/elcrespo/Desktop/githubprojects/MindScape/mindscape_snakemake/workflow/rules/workflow/scripts/create_qc_filtered_seurat_rds.R
FileNotFoundError: [Errno 2] No such file or directory: '/home/elcrespo/Desktop/githubprojects/MindScape/mindscape_snakemake/workflow/rules/workflow/scripts/create_qc_filtered_seurat_rds.R'
[Fri Jun 13 13:53:14 2025]
Error in rule create_qc_filtered_seurat_rds_10496_MW_6:
    message: None
    jobid: 13
    input: /nfs/turbo/umms-parent/MindscapeProjects/10496-MW-per-sample-rds/seurat_rds/10496-MW-6.rds
    output: /nfs/turbo/umms-parent/MindscapeProjects/10496-MW-per-sample-rds/qc_filtered/10496-MW-6_qc_filtered.rds, /nfs/turbo/umms-parent/MindscapeProjects/10496-MW-per-sample-rds/RidgePlots_QC_nFeature_nCounts_percent_Mito_sample/10496-MW-6_QC_ridgeplot.png
[Fri Jun 13 13:53:14 2025]
localrule create_qc_filtered_seurat_rds_10496_MW_1:
    input: /nfs/turbo/umms-parent/MindscapeProjects/10496-MW-per-sample-rds/seurat_rds/10496-MW-1.rds
    output: /nfs/turbo/umms-parent/MindscapeProjects/10496-MW-per-sample-rds/qc_filtered/10496-MW-1_qc_filtered.rds, /nfs/turbo/umms-parent/MindscapeProjects/10496-MW-per-sample-rds/RidgePlots_QC_nFeature_nCounts_percent_Mito_sample/10496-MW-1_QC_ridgeplot.png
    jobid: 8
    reason: Missing output files: /nfs/turbo/umms-parent/MindscapeProjects/10496-MW-per-sample-rds/qc_filtered/10496-MW-1_qc_filtered.rds, /nfs/turbo/umms-parent/MindscapeProjects/10496-MW-per-sample-rds/RidgePlots_QC_nFeature_nCounts_percent_Mito_sample/10496-MW-1_QC_ridgeplot.png
    resources: mem_mb=1500000, mem_mib=1430512, disk_mb=1000, disk_mib=954, tmpdir=/tmp, cpus=16, time=1:00:00
Shell command: None
RuleException:
WorkflowError in file "/home/elcrespo/Desktop/githubprojects/MindScape/mindscape_snakemake/workflow/rules/create_qc_filtered_seurat_rds.smk", line 33:
Failed to open source file /home/elcrespo/Desktop/githubprojects/MindScape/mindscape_snakemake/workflow/rules/workflow/scripts/create_qc_filtered_seurat_rds.R
FileNotFoundError: [Errno 2] No such file or directory: '/home/elcrespo/Desktop/githubprojects/MindScape/mindscape_snakemake/workflow/rules/workflow/scripts/create_qc_filtered_seurat_rds.R'
[Fri Jun 13 13:53:14 2025]
Error in rule create_qc_filtered_seurat_rds_10496_MW_1:
    message: None
    jobid: 8
    input: /nfs/turbo/umms-parent/MindscapeProjects/10496-MW-per-sample-rds/seurat_rds/10496-MW-1.rds
    output: /nfs/turbo/umms-parent/MindscapeProjects/10496-MW-per-sample-rds/qc_filtered/10496-MW-1_qc_filtered.rds, /nfs/turbo/umms-parent/MindscapeProjects/10496-MW-per-sample-rds/RidgePlots_QC_nFeature_nCounts_percent_Mito_sample/10496-MW-1_QC_ridgeplot.png
[Fri Jun 13 13:53:14 2025]
localrule create_qc_filtered_seurat_rds_10496_MW_3:
    input: /nfs/turbo/umms-parent/MindscapeProjects/10496-MW-per-sample-rds/seurat_rds/10496-MW-3.rds
    output: /nfs/turbo/umms-parent/MindscapeProjects/10496-MW-per-sample-rds/qc_filtered/10496-MW-3_qc_filtered.rds, /nfs/turbo/umms-parent/MindscapeProjects/10496-MW-per-sample-rds/RidgePlots_QC_nFeature_nCounts_percent_Mito_sample/10496-MW-3_QC_ridgeplot.png
    jobid: 10
    reason: Missing output files: /nfs/turbo/umms-parent/MindscapeProjects/10496-MW-per-sample-rds/RidgePlots_QC_nFeature_nCounts_percent_Mito_sample/10496-MW-3_QC_ridgeplot.png, /nfs/turbo/umms-parent/MindscapeProjects/10496-MW-per-sample-rds/qc_filtered/10496-MW-3_qc_filtered.rds
    resources: mem_mb=1500000, mem_mib=1430512, disk_mb=1000, disk_mib=954, tmpdir=/tmp, cpus=16, time=1:00:00
Shell command: None
RuleException:
WorkflowError in file "/home/elcrespo/Desktop/githubprojects/MindScape/mindscape_snakemake/workflow/rules/create_qc_filtered_seurat_rds.smk", line 33:
Failed to open source file /home/elcrespo/Desktop/githubprojects/MindScape/mindscape_snakemake/workflow/rules/workflow/scripts/create_qc_filtered_seurat_rds.R
FileNotFoundError: [Errno 2] No such file or directory: '/home/elcrespo/Desktop/githubprojects/MindScape/mindscape_snakemake/workflow/rules/workflow/scripts/create_qc_filtered_seurat_rds.R'
[Fri Jun 13 13:53:14 2025]
Error in rule create_qc_filtered_seurat_rds_10496_MW_3:
    message: None
    jobid: 10
    input: /nfs/turbo/umms-parent/MindscapeProjects/10496-MW-per-sample-rds/seurat_rds/10496-MW-3.rds
    output: /nfs/turbo/umms-parent/MindscapeProjects/10496-MW-per-sample-rds/qc_filtered/10496-MW-3_qc_filtered.rds, /nfs/turbo/umms-parent/MindscapeProjects/10496-MW-per-sample-rds/RidgePlots_QC_nFeature_nCounts_percent_Mito_sample/10496-MW-3_QC_ridgeplot.png
Shutting down, this might take some time.
Exiting because a job execution failed. Look below for error messages
[Fri Jun 13 13:53:14 2025]
Error in rule create_qc_filtered_seurat_rds_10496_MW_5:
    message: None
    jobid: 12
    input: /nfs/turbo/umms-parent/MindscapeProjects/10496-MW-per-sample-rds/seurat_rds/10496-MW-5.rds
    output: /nfs/turbo/umms-parent/MindscapeProjects/10496-MW-per-sample-rds/qc_filtered/10496-MW-5_qc_filtered.rds, /nfs/turbo/umms-parent/MindscapeProjects/10496-MW-per-sample-rds/RidgePlots_QC_nFeature_nCounts_percent_Mito_sample/10496-MW-5_QC_ridgeplot.png
[Fri Jun 13 13:53:14 2025]
Error in rule create_qc_filtered_seurat_rds_10496_MW_4:
    message: None
    jobid: 11
    input: /nfs/turbo/umms-parent/MindscapeProjects/10496-MW-per-sample-rds/seurat_rds/10496-MW-4.rds
    output: /nfs/turbo/umms-parent/MindscapeProjects/10496-MW-per-sample-rds/qc_filtered/10496-MW-4_qc_filtered.rds, /nfs/turbo/umms-parent/MindscapeProjects/10496-MW-per-sample-rds/RidgePlots_QC_nFeature_nCounts_percent_Mito_sample/10496-MW-4_QC_ridgeplot.png
[Fri Jun 13 13:53:14 2025]
Error in rule create_qc_filtered_seurat_rds_10496_MW_2:
    message: None
    jobid: 9
    input: /nfs/turbo/umms-parent/MindscapeProjects/10496-MW-per-sample-rds/seurat_rds/10496-MW-2.rds
    output: /nfs/turbo/umms-parent/MindscapeProjects/10496-MW-per-sample-rds/qc_filtered/10496-MW-2_qc_filtered.rds, /nfs/turbo/umms-parent/MindscapeProjects/10496-MW-per-sample-rds/RidgePlots_QC_nFeature_nCounts_percent_Mito_sample/10496-MW-2_QC_ridgeplot.png
[Fri Jun 13 13:53:14 2025]
Error in rule create_qc_filtered_seurat_rds_10496_MW_6:
    message: None
    jobid: 13
    input: /nfs/turbo/umms-parent/MindscapeProjects/10496-MW-per-sample-rds/seurat_rds/10496-MW-6.rds
    output: /nfs/turbo/umms-parent/MindscapeProjects/10496-MW-per-sample-rds/qc_filtered/10496-MW-6_qc_filtered.rds, /nfs/turbo/umms-parent/MindscapeProjects/10496-MW-per-sample-rds/RidgePlots_QC_nFeature_nCounts_percent_Mito_sample/10496-MW-6_QC_ridgeplot.png
[Fri Jun 13 13:53:14 2025]
Error in rule create_qc_filtered_seurat_rds_10496_MW_1:
    message: None
    jobid: 8
    input: /nfs/turbo/umms-parent/MindscapeProjects/10496-MW-per-sample-rds/seurat_rds/10496-MW-1.rds
    output: /nfs/turbo/umms-parent/MindscapeProjects/10496-MW-per-sample-rds/qc_filtered/10496-MW-1_qc_filtered.rds, /nfs/turbo/umms-parent/MindscapeProjects/10496-MW-per-sample-rds/RidgePlots_QC_nFeature_nCounts_percent_Mito_sample/10496-MW-1_QC_ridgeplot.png
[Fri Jun 13 13:53:14 2025]
Error in rule create_qc_filtered_seurat_rds_10496_MW_3:
    message: None
    jobid: 10
    input: /nfs/turbo/umms-parent/MindscapeProjects/10496-MW-per-sample-rds/seurat_rds/10496-MW-3.rds
    output: /nfs/turbo/umms-parent/MindscapeProjects/10496-MW-per-sample-rds/qc_filtered/10496-MW-3_qc_filtered.rds, /nfs/turbo/umms-parent/MindscapeProjects/10496-MW-per-sample-rds/RidgePlots_QC_nFeature_nCounts_percent_Mito_sample/10496-MW-3_QC_ridgeplot.png
Complete log(s): /home/elcrespo/Desktop/githubprojects/MindScape/mindscape_snakemake/.snakemake/log/2025-06-13T135311.977616.snakemake.log
WorkflowError:
At least one job did not complete successfully.
