Assuming unrestricted shared filesystem usage.
None
host: gl-login2.arc-ts.umich.edu
Building DAG of jobs...
Using shell: /usr/bin/bash
Provided cores: 1 (use --cores to define parallelism)
Rules claiming more threads will be scaled down.
Job stats:
job                           count
--------------------------  -------
init_output_dir                   1
make_seurat_rds_10496_MW_1        1
total                             2

Select jobs to execute...
Execute 1 jobs...
[Sun Jun  8 12:37:01 2025]
localrule init_output_dir:
    output: init.done
    jobid: 1
    reason: Missing output files: init.done
    resources: tmpdir=/tmp
Shell command: None
[Sun Jun  8 12:37:03 2025]
Finished jobid: 1 (Rule: init_output_dir)
1 of 2 steps (50%) done
Select jobs to execute...
Execute 1 jobs...
[Sun Jun  8 12:37:03 2025]
localrule make_seurat_rds_10496_MW_1:
    input: /nfs/turbo/umms-parent/Manny_test/10496-MW-reanalysis/outs/per_sample_outs/10496-MW-1/count/sample_filtered_feature_bc_matrix, init.done
    output: /nfs/turbo/umms-parent/MindscapeProjects/10496-MW-per-sample-rds/seurat_rds/10496-MW-1.rds
    jobid: 0
    reason: Forced execution
    resources: tmpdir=/tmp
Shell command: None
RuleException:
WorkflowError in file "/home/elcrespo/Desktop/githubprojects/MindScape/mindscape_snakemake/workflow/rules/make_seurat_rds.smk", line 39:
Failed to open source file /home/elcrespo/Desktop/githubprojects/MindScape/mindscape_snakemake/workflow/rules/workflow/scripts/create_seurat_rds.R
FileNotFoundError: [Errno 2] No such file or directory: '/home/elcrespo/Desktop/githubprojects/MindScape/mindscape_snakemake/workflow/rules/workflow/scripts/create_seurat_rds.R'
[Sun Jun  8 12:37:03 2025]
Error in rule make_seurat_rds_10496_MW_1:
    message: None
    jobid: 0
    input: /nfs/turbo/umms-parent/Manny_test/10496-MW-reanalysis/outs/per_sample_outs/10496-MW-1/count/sample_filtered_feature_bc_matrix, init.done
    output: /nfs/turbo/umms-parent/MindscapeProjects/10496-MW-per-sample-rds/seurat_rds/10496-MW-1.rds
Shutting down, this might take some time.
Exiting because a job execution failed. Look below for error messages
[Sun Jun  8 12:37:04 2025]
Error in rule make_seurat_rds_10496_MW_1:
    message: None
    jobid: 0
    input: /nfs/turbo/umms-parent/Manny_test/10496-MW-reanalysis/outs/per_sample_outs/10496-MW-1/count/sample_filtered_feature_bc_matrix, init.done
    output: /nfs/turbo/umms-parent/MindscapeProjects/10496-MW-per-sample-rds/seurat_rds/10496-MW-1.rds
Complete log(s): /home/elcrespo/Desktop/githubprojects/MindScape/mindscape_snakemake/.snakemake/log/2025-06-08T123701.119373.snakemake.log
WorkflowError:
At least one job did not complete successfully.
