Assuming unrestricted shared filesystem usage.
None
host: gl-login2.arc-ts.umich.edu
Building DAG of jobs...
Using shell: /usr/bin/bash
Provided cores: 1 (use --cores to define parallelism)
Rules claiming more threads will be scaled down.
Job stats:
job                           count
--------------------------  -------
make_seurat_rds_10496_MW_1        1
total                             1

Select jobs to execute...
Execute 1 jobs...
[Sun Jun  8 12:41:20 2025]
localrule make_seurat_rds_10496_MW_1:
    input: /nfs/turbo/umms-parent/Manny_test/10496-MW-reanalysis/outs/per_sample_outs/10496-MW-1/count/sample_filtered_feature_bc_matrix, init.done
    output: /nfs/turbo/umms-parent/MindscapeProjects/10496-MW-per-sample-rds/seurat_rds/10496-MW-1.rds
    jobid: 0
    reason: Forced execution
    resources: tmpdir=/tmp
Shell command: None
[Sun Jun  8 12:41:43 2025]
Finished jobid: 0 (Rule: make_seurat_rds_10496_MW_1)
1 of 1 steps (100%) done
Complete log(s): /home/elcrespo/Desktop/githubprojects/MindScape/mindscape_snakemake/.snakemake/log/2025-06-08T124120.603213.snakemake.log
