host: gl3116.arc-ts.umich.edu
Building DAG of jobs...
Using shell: /usr/bin/bash
Provided cores: 1 (use --cores to define parallelism)
Rules claiming more threads will be scaled down.
Provided resources: mem_mb=1500000, mem_mib=1430512, cpus=16
Select jobs to execute...
Execute 1 jobs...

[Fri Jun 13 12:26:30 2025]
localrule make_seurat_rds_10496_MW_5:
    input: /nfs/turbo/umms-parent/Manny_test/10496-MW-reanalysis/outs/per_sample_outs/10496-MW-5/count/sample_filtered_feature_bc_matrix, init.done
    output: /nfs/turbo/umms-parent/MindscapeProjects/10496-MW-per-sample-rds/seurat_rds/10496-MW-5.rds
    jobid: 0
    reason: Forced execution
    resources: mem_mb=1500000, mem_mib=1430512, disk_mb=1000, disk_mib=954, tmpdir=/tmp, time=6:00:00, cpus=16

✅ sample_id obtained from params: 10496-MW-5
🔎 sample_id = 10496-MW-5
📁 matrix_dir = /nfs/turbo/umms-parent/Manny_test/10496-MW-reanalysis/outs/per_sample_outs/10496-MW-5/count/sample_filtered_feature_bc_matrix
💾 output_rds = /nfs/turbo/umms-parent/MindscapeProjects/10496-MW-per-sample-rds/seurat_rds/10496-MW-5.rds
Reading 10X matrix from: /nfs/turbo/umms-parent/Manny_test/10496-MW-reanalysis/outs/per_sample_outs/10496-MW-5/count/sample_filtered_feature_bc_matrix
Matrix dimensions: 18082 x 2028
[1] "AAACAAGCAGCATTTCATCATGTG-1" "AAACCAGGTAGTAGCAATCATGTG-1"
[3] "AAACGGGCAAACTTCCATCATGTG-1" "AAACGGGCAAGGCTTAATCATGTG-1"
[5] "AAAGATGCAAATAACCATCATGTG-1" "AAAGCCTAGCTATATCATCATGTG-1"
✅ Done: raw Seurat object saved for 10496-MW-5
[Fri Jun 13 12:26:43 2025]
Finished jobid: 0 (Rule: make_seurat_rds_10496_MW_5)
1 of 1 steps (100%) done
Storing output in storage.
