Config file config/config.yaml is extended by additional config specified via the command line.
Building DAG of jobs...
Using shell: /usr/bin/bash
Provided cores: 1 (use --cores to define parallelism)
Rules claiming more threads will be scaled down.
Job stats:
job                 count
----------------  -------
all                     1
cellranger_count        1
total                   2

Select jobs to execute...

[Wed Apr  9 10:54:53 2025]
rule cellranger_count:
    output: /nfs/turbo/umms-parent/Manny_test/8714-MV-2/outs/web_summary.html
    jobid: 1
    reason: Missing output files: /nfs/turbo/umms-parent/Manny_test/8714-MV-2/outs/web_summary.html
    wildcards: output_dir=/nfs/turbo/umms-parent/Manny_test, sample=8714-MV-2
    resources: tmpdir=/tmp

[Wed Apr  9 10:54:54 2025]
Error in rule cellranger_count:
    jobid: 1
    output: /nfs/turbo/umms-parent/Manny_test/8714-MV-2/outs/web_summary.html
    shell:
        
        module load python3.11-anaconda/2024.02
        module load Bioinformatics
        module load cellranger/9.0.1
        module load snakemake/7.32.4

        cellranger count \
            --id=8714-MV-2 \
            --fastqs=/nfs/turbo/umms-parent/Carmen/8714-MV/fastqs_8714-MV \
            --sample=8714-MV-2 \
            --transcriptome=/nfs/turbo/umms-parent/refs/refdata-gex-GRCh38-2020-A \
            --localcores=8 \
            --localmem=64 \
            --output-dir=/nfs/turbo/umms-parent/Manny_test/8714-MV-2
        
        (one of the commands exited with non-zero exit code; note that snakemake uses bash strict mode!)

Shutting down, this might take some time.
Exiting because a job execution failed. Look above for error message
Complete log: .snakemake/log/2025-04-09T105453.028532.snakemake.log
